FXC : warning X4717: Effects deprecated for D3DCompiler_47
  
  compilation object save succeeded; see C:\Git\GitHub\Direct3D_PallWorld\Client\Bin\ButtonShader.cso
FXC : warning X4717: Effects deprecated for D3DCompiler_47
  
  compilation object save succeeded; see C:\Git\GitHub\Direct3D_PallWorld\Client\Bin\MouseShader.cso
FXC : warning X4717: Effects deprecated for D3DCompiler_47
C:\Git\GitHub\Direct3D_PallWorld\Client\Bin\ShaderFiles\MutipleBlend.hlsl(79,5-41): warning X3206: implicit truncation of vector type
  
  compilation object save succeeded; see C:\Git\GitHub\Direct3D_PallWorld\Client\Bin\MutipleBlend.cso
FXC : warning X4717: Effects deprecated for D3DCompiler_47
  
  compilation object save succeeded; see C:\Git\GitHub\Direct3D_PallWorld\Client\Bin\ProgressBar.cso
FXC : warning X4717: Effects deprecated for D3DCompiler_47
  
  compilation object save succeeded; see C:\Git\GitHub\Direct3D_PallWorld\Client\Bin\SelectTriShader.cso
FXC : warning X4717: Effects deprecated for D3DCompiler_47
  
  compilation object save succeeded; see C:\Git\GitHub\Direct3D_PallWorld\Client\Bin\Shader_VtxCube.cso
FXC : warning X4717: Effects deprecated for D3DCompiler_47
  
  compilation object save succeeded; see C:\Git\GitHub\Direct3D_PallWorld\Client\Bin\TestShader.cso
FXC : warning X4717: Effects deprecated for D3DCompiler_47
  
  compilation object save succeeded; see C:\Git\GitHub\Direct3D_PallWorld\Client\Bin\TrailComputeShader.cso
FXC : warning X4717: Effects deprecated for D3DCompiler_47
  
  compilation object save succeeded; see C:\Git\GitHub\Direct3D_PallWorld\Client\Bin\TrailShader.cso
FXC : warning X4717: Effects deprecated for D3DCompiler_47
  
  compilation object save succeeded; see C:\Git\GitHub\Direct3D_PallWorld\Client\Bin\VTX_AnimMesh.cso
FXC : warning X4717: Effects deprecated for D3DCompiler_47
  
  compilation object save succeeded; see C:\Git\GitHub\Direct3D_PallWorld\Client\Bin\VTX_InstnaceMesh.cso
FXC : warning X4717: Effects deprecated for D3DCompiler_47
  
  compilation object save succeeded; see C:\Git\GitHub\Direct3D_PallWorld\Client\Bin\VTX_InstnacePoint.cso
FXC : warning X4717: Effects deprecated for D3DCompiler_47
C:\Git\GitHub\Direct3D_PallWorld\Client\Bin\ShaderFiles\VTX_Mesh.hlsl(129,22-32): warning X3578: Output value 'PS_ModelPreview' is not completely initialized
C:\Git\GitHub\Direct3D_PallWorld\Client\Bin\ShaderFiles\VTX_Mesh.hlsl(137,21-42): warning X3578: Output value 'PS_ModelCreate' is not completely initialized
  
  compilation object save succeeded; see C:\Git\GitHub\Direct3D_PallWorld\Client\Bin\VTX_Mesh.cso
FXC : warning X4717: Effects deprecated for D3DCompiler_47
  
  compilation object save succeeded; see C:\Git\GitHub\Direct3D_PallWorld\Client\Bin\VTX_NorTex.cso
FXC : warning X4717: Effects deprecated for D3DCompiler_47
  
  compilation object save succeeded; see C:\Git\GitHub\Direct3D_PallWorld\Client\Bin\VTX_SkyMesh.cso
FXC : warning X4717: Effects deprecated for D3DCompiler_47
  
  compilation object save succeeded; see C:\Git\GitHub\Direct3D_PallWorld\Client\Bin\WorldUI.cso
  Loader.cpp
C:\Git\GitHub\Direct3D_PallWorld\Client\Public\GrassMommothBody.h(24,67): warning C4244: '=': 'Engine::_uInt'에서 'Engine::_float'(으)로 변환하면서 데이터가 손실될 수 있습니다.
  (소스 파일 '../private/Loader.cpp'을(를) 컴파일하는 중)
  
C:\Git\GitHub\Direct3D_PallWorld\Client\private\Loader.cpp(835,35): warning C4244: '=': 'float'에서 'Engine::_uInt'(으)로 변환하면서 데이터가 손실될 수 있습니다.
C:\Git\GitHub\Direct3D_PallWorld\Client\private\Loader.cpp(851,35): warning C4244: '=': 'float'에서 'Engine::_uInt'(으)로 변환하면서 데이터가 손실될 수 있습니다.
C:\Git\GitHub\Direct3D_PallWorld\Client\private\Loader.cpp(867,35): warning C4244: '=': 'float'에서 'Engine::_uInt'(으)로 변환하면서 데이터가 손실될 수 있습니다.
C:\Git\GitHub\Direct3D_PallWorld\Client\private\Loader.cpp(883,35): warning C4244: '=': 'float'에서 'Engine::_uInt'(으)로 변환하면서 데이터가 손실될 수 있습니다.
C:\Git\GitHub\Direct3D_PallWorld\Client\private\Loader.cpp(899,35): warning C4244: '=': 'float'에서 'Engine::_uInt'(으)로 변환하면서 데이터가 손실될 수 있습니다.
ButtonArrow.obj : warning LNK4099: '' PDB를 'ButtonArrow.obj' 또는 ''에서 찾을 수 없습니다. 디버그 정보가 없는 것처럼 개체를 링크합니다.
ItemTooltip.obj : warning LNK4099: '' PDB를 'ItemTooltip.obj' 또는 ''에서 찾을 수 없습니다. 디버그 정보가 없는 것처럼 개체를 링크합니다.
ObjectAnimComponent.obj : warning LNK4099: '' PDB를 'ObjectAnimComponent.obj' 또는 ''에서 찾을 수 없습니다. 디버그 정보가 없는 것처럼 개체를 링크합니다.
KeyIcon.obj : warning LNK4099: '' PDB를 'KeyIcon.obj' 또는 ''에서 찾을 수 없습니다. 디버그 정보가 없는 것처럼 개체를 링크합니다.
PellInfoHealthbar.obj : warning LNK4099: '' PDB를 'PellInfoHealthbar.obj' 또는 ''에서 찾을 수 없습니다. 디버그 정보가 없는 것처럼 개체를 링크합니다.
PellInfoNameUI.obj : warning LNK4099: '' PDB를 'PellInfoNameUI.obj' 또는 ''에서 찾을 수 없습니다. 디버그 정보가 없는 것처럼 개체를 링크합니다.
imgui.obj : warning LNK4099: '' PDB를 'imgui.obj' 또는 ''에서 찾을 수 없습니다. 디버그 정보가 없는 것처럼 개체를 링크합니다.
imgui_demo.obj : warning LNK4099: '' PDB를 'imgui_demo.obj' 또는 ''에서 찾을 수 없습니다. 디버그 정보가 없는 것처럼 개체를 링크합니다.
imgui_draw.obj : warning LNK4099: '' PDB를 'imgui_draw.obj' 또는 ''에서 찾을 수 없습니다. 디버그 정보가 없는 것처럼 개체를 링크합니다.
imgui_impl_dx11.obj : warning LNK4099: '' PDB를 'imgui_impl_dx11.obj' 또는 ''에서 찾을 수 없습니다. 디버그 정보가 없는 것처럼 개체를 링크합니다.
imgui_impl_win32.obj : warning LNK4099: '' PDB를 'imgui_impl_win32.obj' 또는 ''에서 찾을 수 없습니다. 디버그 정보가 없는 것처럼 개체를 링크합니다.
imgui_tables.obj : warning LNK4099: '' PDB를 'imgui_tables.obj' 또는 ''에서 찾을 수 없습니다. 디버그 정보가 없는 것처럼 개체를 링크합니다.
imgui_widgets.obj : warning LNK4099: '' PDB를 'imgui_widgets.obj' 또는 ''에서 찾을 수 없습니다. 디버그 정보가 없는 것처럼 개체를 링크합니다.
  Direct11_FrameWork.vcxproj -> C:\Git\GitHub\Direct3D_PallWorld\Client\Bin\Direct11_FrameWork.exe
