c:\users\gimch\onedrive\문서\github\direct3d_pallworld\client\default\x64\debug\vc143.pdb
c:\users\gimch\onedrive\문서\github\direct3d_pallworld\client\default\x64\debug\vc143.idb
c:\users\gimch\onedrive\문서\github\direct3d_pallworld\client\default\x64\debug\direct11_framework.obj
c:\users\gimch\onedrive\문서\github\direct3d_pallworld\client\default\x64\debug\mainapp.obj
c:\users\gimch\onedrive\문서\github\direct3d_pallworld\client\default\x64\debug\logo_hud.obj
c:\users\gimch\onedrive\문서\github\direct3d_pallworld\client\default\x64\debug\loadinglevel.obj
c:\users\gimch\onedrive\문서\github\direct3d_pallworld\client\default\x64\debug\loader.obj
c:\users\gimch\onedrive\문서\github\direct3d_pallworld\client\default\x64\debug\gameplaylevel.obj
c:\users\gimch\onedrive\문서\github\direct3d_pallworld\client\default\x64\debug\camera.obj
c:\users\gimch\onedrive\문서\github\direct3d_pallworld\client\default\x64\debug\background.obj
c:\users\gimch\onedrive\문서\github\direct3d_pallworld\client\default\x64\debug\logolevel.obj
c:\users\gimch\onedrive\문서\github\direct3d_pallworld\client\bin\direct11_framework.exe
c:\users\gimch\onedrive\문서\github\direct3d_pallworld\client\bin\direct11_framework.pdb
c:\users\gimch\onedrive\문서\github\direct3d_pallworld\client\default\x64\debug\direct11_framework.res
c:\users\gimch\onedrive\문서\github\direct3d_pallworld\client\default\x64\debug\direct11_framework.ilk
c:\users\gimch\onedrive\문서\github\direct3d_pallworld\client\default\x64\debug\direct11.fdfafe48.tlog\cl.command.1.tlog
c:\users\gimch\onedrive\문서\github\direct3d_pallworld\client\default\x64\debug\direct11.fdfafe48.tlog\cl.items.tlog
c:\users\gimch\onedrive\문서\github\direct3d_pallworld\client\default\x64\debug\direct11.fdfafe48.tlog\cl.read.1.tlog
c:\users\gimch\onedrive\문서\github\direct3d_pallworld\client\default\x64\debug\direct11.fdfafe48.tlog\cl.write.1.tlog
c:\users\gimch\onedrive\문서\github\direct3d_pallworld\client\default\x64\debug\direct11.fdfafe48.tlog\fxc.command.1.tlog
c:\users\gimch\onedrive\문서\github\direct3d_pallworld\client\default\x64\debug\direct11.fdfafe48.tlog\fxc.read.1.tlog
c:\users\gimch\onedrive\문서\github\direct3d_pallworld\client\default\x64\debug\direct11.fdfafe48.tlog\link.command.1.tlog
c:\users\gimch\onedrive\문서\github\direct3d_pallworld\client\default\x64\debug\direct11.fdfafe48.tlog\link.read.1.tlog
c:\users\gimch\onedrive\문서\github\direct3d_pallworld\client\default\x64\debug\direct11.fdfafe48.tlog\link.secondary.1.tlog
c:\users\gimch\onedrive\문서\github\direct3d_pallworld\client\default\x64\debug\direct11.fdfafe48.tlog\link.write.1.tlog
c:\users\gimch\onedrive\문서\github\direct3d_pallworld\client\default\x64\debug\direct11.fdfafe48.tlog\rc.command.1.tlog
c:\users\gimch\onedrive\문서\github\direct3d_pallworld\client\default\x64\debug\direct11.fdfafe48.tlog\rc.read.1.tlog
c:\users\gimch\onedrive\문서\github\direct3d_pallworld\client\default\x64\debug\direct11.fdfafe48.tlog\rc.write.1.tlog
