c:\users\gimch\onedrive\바탕 화면\asdasd\direct11_framework\engine\defalut\x64\debug\actor.obj
c:\users\gimch\onedrive\바탕 화면\asdasd\direct11_framework\engine\defalut\x64\debug\base.obj
c:\users\gimch\onedrive\바탕 화면\asdasd\direct11_framework\engine\defalut\x64\debug\component.obj
c:\users\gimch\onedrive\바탕 화면\asdasd\direct11_framework\engine\defalut\x64\debug\gameinstance.obj
c:\users\gimch\onedrive\바탕 화면\asdasd\direct11_framework\engine\defalut\x64\debug\gameobject.obj
c:\users\gimch\onedrive\바탕 화면\asdasd\direct11_framework\engine\defalut\x64\debug\graphic_device.obj
c:\users\gimch\onedrive\바탕 화면\asdasd\direct11_framework\engine\defalut\x64\debug\headupdisplay.obj
c:\users\gimch\onedrive\바탕 화면\asdasd\direct11_framework\engine\defalut\x64\debug\inputmanager.obj
c:\users\gimch\onedrive\바탕 화면\asdasd\direct11_framework\engine\defalut\x64\debug\layer.obj
c:\users\gimch\onedrive\바탕 화면\asdasd\direct11_framework\engine\defalut\x64\debug\level.obj
c:\users\gimch\onedrive\바탕 화면\asdasd\direct11_framework\engine\defalut\x64\debug\level_manager.obj
c:\users\gimch\onedrive\바탕 화면\asdasd\direct11_framework\engine\defalut\x64\debug\object_manager.obj
c:\users\gimch\onedrive\바탕 화면\asdasd\direct11_framework\engine\defalut\x64\debug\prototype_manager.obj
c:\users\gimch\onedrive\바탕 화면\asdasd\direct11_framework\engine\defalut\x64\debug\renderer.obj
c:\users\gimch\onedrive\바탕 화면\asdasd\direct11_framework\engine\defalut\x64\debug\sound_manager.obj
c:\users\gimch\onedrive\바탕 화면\asdasd\direct11_framework\engine\defalut\x64\debug\texture.obj
c:\users\gimch\onedrive\바탕 화면\asdasd\direct11_framework\engine\defalut\x64\debug\timer.obj
c:\users\gimch\onedrive\바탕 화면\asdasd\direct11_framework\engine\defalut\x64\debug\timer_manager.obj
c:\users\gimch\onedrive\바탕 화면\asdasd\direct11_framework\engine\defalut\x64\debug\userinterface.obj
c:\users\gimch\onedrive\바탕 화면\asdasd\direct11_framework\engine\defalut\x64\debug\vibuffer.obj
c:\users\gimch\onedrive\바탕 화면\asdasd\direct11_framework\engine\defalut\x64\debug\vibuffer_rect.obj
c:\users\gimch\onedrive\바탕 화면\asdasd\direct11_framework\engine\defalut\x64\debug\vc143.idb
c:\users\gimch\onedrive\바탕 화면\asdasd\direct11_framework\engine\defalut\x64\debug\vc143.pdb
c:\users\gimch\onedrive\바탕 화면\asdasd\direct11_framework\engine\defalut\x64\debug\engine.tlog\cl.command.1.tlog
